<component name="libraryTable">
  <library name="junit">
    <ANNOTATIONS>
      <root url="file://$PROJECT_DIR$/annotations" />
    </ANNOTATIONS>
    <CLASSES>
      <root url="jar://$APPLICATION_HOME_DIR$/lib/junit-4.10.jar!/" />
    </CLASSES>
    <JAVADOC />
    <SOURCES />
  </library>
</component>